<?xml version="1.0" encoding="UTF-8"?>
<!-- Generated by org.testng.reporters.JUnitReportReporter -->
<testsuite skipped="0" hostname="LP0039" name="com.qa.tests.TestNGClassTest" tests="3" failures="0" timestamp="10 Mar 2018 08:24:43 GMT" time="0.081" errors="0">
  <testcase name="test3" time="0.006" classname="com.qa.tests.TestNGClassTest"/>
  <testcase name="test2" time="0.007" classname="com.qa.tests.TestNGClassTest"/>
  <testcase name="test1" time="0.068" classname="com.qa.tests.TestNGClassTest"/>
</testsuite> <!-- com.qa.tests.TestNGClassTest -->
